[INFO] [17:46:36.525] [JavaFX Application Thread] [] com.zzg.mybatis.generator.util.ConnectionManager.getConnection:20 --> database FilePath :C:\Users\shishuliang\Desktop\mybatis-generator-gui\.\config\sqlite3.db
[INFO] [17:46:40.719] [JavaFX Application Thread] [] com.zzg.mybatis.generator.util.ConfigHelper.getAllJDBCDriverJarPaths:238 --> jar lib path: C:\Users\shishuliang\Desktop\mybatis-generator-gui\src\main\resources\lib
[INFO] [17:46:40.719] [JavaFX Application Thread] [] com.zzg.mybatis.generator.util.ConfigHelper.getAllJDBCDriverJarPaths:242 --> jar file: C:\Users\shishuliang\Desktop\mybatis-generator-gui\src\main\resources\lib\mysql-connector-java-5.1.38.jar
[INFO] [17:46:40.722] [JavaFX Application Thread] [] com.zzg.mybatis.generator.util.ConfigHelper.getAllJDBCDriverJarPaths:242 --> jar file: C:\Users\shishuliang\Desktop\mybatis-generator-gui\src\main\resources\lib\mysql-connector-java-8.0.11.jar
[INFO] [17:46:40.723] [JavaFX Application Thread] [] com.zzg.mybatis.generator.util.ConfigHelper.getAllJDBCDriverJarPaths:242 --> jar file: C:\Users\shishuliang\Desktop\mybatis-generator-gui\src\main\resources\lib\ojdbc6.jar
[INFO] [17:46:40.723] [JavaFX Application Thread] [] com.zzg.mybatis.generator.util.ConfigHelper.getAllJDBCDriverJarPaths:242 --> jar file: C:\Users\shishuliang\Desktop\mybatis-generator-gui\src\main\resources\lib\postgresql-9.4.1209.jar
[INFO] [17:46:40.724] [JavaFX Application Thread] [] com.zzg.mybatis.generator.util.ConfigHelper.getAllJDBCDriverJarPaths:242 --> jar file: C:\Users\shishuliang\Desktop\mybatis-generator-gui\src\main\resources\lib\sqlite-jdbc-3.19.3.jar
[INFO] [17:46:40.724] [JavaFX Application Thread] [] com.zzg.mybatis.generator.util.ConfigHelper.getAllJDBCDriverJarPaths:242 --> jar file: C:\Users\shishuliang\Desktop\mybatis-generator-gui\src\main\resources\lib\sqljdbc4-4.0.jar
[INFO] [17:46:40.730] [JavaFX Application Thread] [] com.zzg.mybatis.generator.util.DbUtil.loadDbDriver:222 --> load driver class: com.mysql.jdbc.Driver@251f9e42
[INFO] [17:46:40.731] [JavaFX Application Thread] [] com.zzg.mybatis.generator.util.DbUtil.getConnectionUrlWithSchema:208 --> getConnectionUrlWithSchema, connection url: jdbc:mysql://172.16.1.41:3306/gjwl?useUnicode=true&useSSL=false&characterEncoding=utf8
[INFO] [17:46:40.945] [JavaFX Application Thread] [] com.zzg.mybatis.generator.util.DbUtil.getConnection:133 --> getConnection, connection url: com.mysql.jdbc.JDBC4Connection@34918881
[INFO] [17:46:51.788] [JavaFX Application Thread] [] com.zzg.mybatis.generator.util.ConfigHelper.findConnectorLibPath:215 --> jar resource: file:/C:/Users/shishuliang/Desktop/mybatis-generator-gui/target/classes/logback.xml
[INFO] [17:46:51.789] [JavaFX Application Thread] [] com.zzg.mybatis.generator.bridge.MybatisGeneratorBridge.generate:69 --> connectorLibPath: C:\Users\shishuliang\Desktop\mybatis-generator-gui\target\classes\lib\mysql-connector-java-5.1.38.jar
[INFO] [17:46:51.792] [JavaFX Application Thread] [] com.zzg.mybatis.generator.util.DbUtil.getConnectionUrlWithSchema:208 --> getConnectionUrlWithSchema, connection url: jdbc:mysql://172.16.1.41:3306/gjwl?useUnicode=true&useSSL=false&characterEncoding=utf8
[DEBUG] [17:46:52.188] [JavaFX Application Thread] [] org.mybatis.generator.logging.LogFactory.setImplementation:105 --> Logging initialized using 'org.mybatis.generator.logging.slf4j.Slf4jLoggingLogFactory@561b945e' adapter.
[DEBUG] [17:46:52.191] [JavaFX Application Thread] [] org.mybatis.generator.internal.db.DatabaseIntrospector.getColumns:506 --> Retrieving column information for table "gjwl.sys_area"
[DEBUG] [17:46:52.206] [JavaFX Application Thread] [] org.mybatis.generator.internal.db.DatabaseIntrospector.getColumns:563 --> Found column "id", data type 4, in table "gjwl..sys_area"
[DEBUG] [17:46:52.207] [JavaFX Application Thread] [] org.mybatis.generator.internal.db.DatabaseIntrospector.getColumns:563 --> Found column "parent_id", data type 4, in table "gjwl..sys_area"
[DEBUG] [17:46:52.207] [JavaFX Application Thread] [] org.mybatis.generator.internal.db.DatabaseIntrospector.getColumns:563 --> Found column "parent_ids", data type 12, in table "gjwl..sys_area"
[DEBUG] [17:46:52.207] [JavaFX Application Thread] [] org.mybatis.generator.internal.db.DatabaseIntrospector.getColumns:563 --> Found column "code", data type 12, in table "gjwl..sys_area"
[DEBUG] [17:46:52.208] [JavaFX Application Thread] [] org.mybatis.generator.internal.db.DatabaseIntrospector.getColumns:563 --> Found column "parent_code", data type 12, in table "gjwl..sys_area"
[DEBUG] [17:46:52.208] [JavaFX Application Thread] [] org.mybatis.generator.internal.db.DatabaseIntrospector.getColumns:563 --> Found column "name", data type 12, in table "gjwl..sys_area"
[DEBUG] [17:46:52.208] [JavaFX Application Thread] [] org.mybatis.generator.internal.db.DatabaseIntrospector.getColumns:563 --> Found column "sort", data type 12, in table "gjwl..sys_area"
[DEBUG] [17:46:52.208] [JavaFX Application Thread] [] org.mybatis.generator.internal.db.DatabaseIntrospector.getColumns:563 --> Found column "del_flag", data type -6, in table "gjwl..sys_area"
[DEBUG] [17:46:52.209] [JavaFX Application Thread] [] org.mybatis.generator.internal.db.DatabaseIntrospector.getColumns:563 --> Found column "created_by", data type 4, in table "gjwl..sys_area"
[DEBUG] [17:46:52.209] [JavaFX Application Thread] [] org.mybatis.generator.internal.db.DatabaseIntrospector.getColumns:563 --> Found column "created_date", data type 93, in table "gjwl..sys_area"
[DEBUG] [17:46:52.210] [JavaFX Application Thread] [] org.mybatis.generator.internal.db.DatabaseIntrospector.getColumns:563 --> Found column "updated_by", data type 4, in table "gjwl..sys_area"
[DEBUG] [17:46:52.210] [JavaFX Application Thread] [] org.mybatis.generator.internal.db.DatabaseIntrospector.getColumns:563 --> Found column "updated_date", data type 93, in table "gjwl..sys_area"
[INFO] [17:47:44.818] [main] [] com.zzg.mybatis.generator.util.ConfigHelper.findConnectorLibPath:215 --> jar resource: file:/C:/Users/shishuliang/Desktop/mybatis-generator-gui/target/classes/logback.xml
[INFO] [17:47:44.824] [main] [] com.zzg.mybatis.generator.util.ConfigHelper.findConnectorLibPath:215 --> jar resource: file:/C:/Users/shishuliang/Desktop/mybatis-generator-gui/target/classes/logback.xml
[INFO] [17:47:44.826] [main] [] com.zzg.mybatis.generator.util.ConfigHelper.findConnectorLibPath:215 --> jar resource: file:/C:/Users/shishuliang/Desktop/mybatis-generator-gui/target/classes/logback.xml
[INFO] [17:47:44.828] [main] [] com.zzg.mybatis.generator.util.ConfigHelper.getAllJDBCDriverJarPaths:238 --> jar lib path: C:\Users\shishuliang\Desktop\mybatis-generator-gui\src\main\resources\lib
[INFO] [17:47:44.828] [main] [] com.zzg.mybatis.generator.util.ConfigHelper.getAllJDBCDriverJarPaths:242 --> jar file: C:\Users\shishuliang\Desktop\mybatis-generator-gui\src\main\resources\lib\mysql-connector-java-5.1.38.jar
[INFO] [17:47:44.829] [main] [] com.zzg.mybatis.generator.util.ConfigHelper.getAllJDBCDriverJarPaths:242 --> jar file: C:\Users\shishuliang\Desktop\mybatis-generator-gui\src\main\resources\lib\mysql-connector-java-8.0.11.jar
[INFO] [17:47:44.829] [main] [] com.zzg.mybatis.generator.util.ConfigHelper.getAllJDBCDriverJarPaths:242 --> jar file: C:\Users\shishuliang\Desktop\mybatis-generator-gui\src\main\resources\lib\ojdbc6.jar
[INFO] [17:47:44.830] [main] [] com.zzg.mybatis.generator.util.ConfigHelper.getAllJDBCDriverJarPaths:242 --> jar file: C:\Users\shishuliang\Desktop\mybatis-generator-gui\src\main\resources\lib\postgresql-9.4.1209.jar
[INFO] [17:47:44.831] [main] [] com.zzg.mybatis.generator.util.ConfigHelper.getAllJDBCDriverJarPaths:242 --> jar file: C:\Users\shishuliang\Desktop\mybatis-generator-gui\src\main\resources\lib\sqlite-jdbc-3.19.3.jar
[INFO] [17:47:44.831] [main] [] com.zzg.mybatis.generator.util.ConfigHelper.getAllJDBCDriverJarPaths:242 --> jar file: C:\Users\shishuliang\Desktop\mybatis-generator-gui\src\main\resources\lib\sqljdbc4-4.0.jar
[INFO] [18:01:07.059] [JavaFX Application Thread] [] com.zzg.mybatis.generator.util.ConnectionManager.getConnection:20 --> database FilePath :C:\Users\shishuliang\Desktop\mybatis-generator-gui\.\config\sqlite3.db
[INFO] [18:01:21.037] [JavaFX Application Thread] [] com.zzg.mybatis.generator.util.ConfigHelper.getAllJDBCDriverJarPaths:238 --> jar lib path: C:\Users\shishuliang\Desktop\mybatis-generator-gui\src\main\resources\lib
[INFO] [18:01:21.037] [JavaFX Application Thread] [] com.zzg.mybatis.generator.util.ConfigHelper.getAllJDBCDriverJarPaths:242 --> jar file: C:\Users\shishuliang\Desktop\mybatis-generator-gui\src\main\resources\lib\mysql-connector-java-5.1.38.jar
[INFO] [18:01:21.038] [JavaFX Application Thread] [] com.zzg.mybatis.generator.util.ConfigHelper.getAllJDBCDriverJarPaths:242 --> jar file: C:\Users\shishuliang\Desktop\mybatis-generator-gui\src\main\resources\lib\mysql-connector-java-8.0.11.jar
[INFO] [18:01:21.039] [JavaFX Application Thread] [] com.zzg.mybatis.generator.util.ConfigHelper.getAllJDBCDriverJarPaths:242 --> jar file: C:\Users\shishuliang\Desktop\mybatis-generator-gui\src\main\resources\lib\ojdbc6.jar
[INFO] [18:01:21.039] [JavaFX Application Thread] [] com.zzg.mybatis.generator.util.ConfigHelper.getAllJDBCDriverJarPaths:242 --> jar file: C:\Users\shishuliang\Desktop\mybatis-generator-gui\src\main\resources\lib\postgresql-9.4.1209.jar
[INFO] [18:01:21.039] [JavaFX Application Thread] [] com.zzg.mybatis.generator.util.ConfigHelper.getAllJDBCDriverJarPaths:242 --> jar file: C:\Users\shishuliang\Desktop\mybatis-generator-gui\src\main\resources\lib\sqlite-jdbc-3.19.3.jar
[INFO] [18:01:21.040] [JavaFX Application Thread] [] com.zzg.mybatis.generator.util.ConfigHelper.getAllJDBCDriverJarPaths:242 --> jar file: C:\Users\shishuliang\Desktop\mybatis-generator-gui\src\main\resources\lib\sqljdbc4-4.0.jar
[INFO] [18:01:21.047] [JavaFX Application Thread] [] com.zzg.mybatis.generator.util.DbUtil.loadDbDriver:222 --> load driver class: com.mysql.jdbc.Driver@34c7db49
[INFO] [18:01:21.047] [JavaFX Application Thread] [] com.zzg.mybatis.generator.util.DbUtil.getConnectionUrlWithSchema:208 --> getConnectionUrlWithSchema, connection url: jdbc:mysql://172.16.1.41:3306/gjwl?useUnicode=true&useSSL=false&characterEncoding=utf8
[INFO] [18:01:21.262] [JavaFX Application Thread] [] com.zzg.mybatis.generator.util.DbUtil.getConnection:133 --> getConnection, connection url: com.mysql.jdbc.JDBC4Connection@1d4a6795
[INFO] [18:01:25.330] [JavaFX Application Thread] [] com.zzg.mybatis.generator.util.ConfigHelper.findConnectorLibPath:215 --> jar resource: file:/C:/Users/shishuliang/Desktop/mybatis-generator-gui/target/classes/logback.xml
[INFO] [18:01:25.331] [JavaFX Application Thread] [] com.zzg.mybatis.generator.bridge.MybatisGeneratorBridge.generate:69 --> connectorLibPath: C:\Users\shishuliang\Desktop\mybatis-generator-gui\target\classes\lib\mysql-connector-java-5.1.38.jar
[INFO] [18:01:25.334] [JavaFX Application Thread] [] com.zzg.mybatis.generator.util.DbUtil.getConnectionUrlWithSchema:208 --> getConnectionUrlWithSchema, connection url: jdbc:mysql://172.16.1.41:3306/gjwl?useUnicode=true&useSSL=false&characterEncoding=utf8
[DEBUG] [18:01:25.735] [JavaFX Application Thread] [] org.mybatis.generator.logging.LogFactory.setImplementation:105 --> Logging initialized using 'org.mybatis.generator.logging.slf4j.Slf4jLoggingLogFactory@46b724ce' adapter.
[DEBUG] [18:01:25.737] [JavaFX Application Thread] [] org.mybatis.generator.internal.db.DatabaseIntrospector.getColumns:506 --> Retrieving column information for table "gjwl.sys_area"
[DEBUG] [18:01:25.757] [JavaFX Application Thread] [] org.mybatis.generator.internal.db.DatabaseIntrospector.getColumns:563 --> Found column "id", data type 4, in table "gjwl..sys_area"
[DEBUG] [18:01:25.757] [JavaFX Application Thread] [] org.mybatis.generator.internal.db.DatabaseIntrospector.getColumns:563 --> Found column "parent_id", data type 4, in table "gjwl..sys_area"
[DEBUG] [18:01:25.758] [JavaFX Application Thread] [] org.mybatis.generator.internal.db.DatabaseIntrospector.getColumns:563 --> Found column "parent_ids", data type 12, in table "gjwl..sys_area"
[DEBUG] [18:01:25.758] [JavaFX Application Thread] [] org.mybatis.generator.internal.db.DatabaseIntrospector.getColumns:563 --> Found column "code", data type 12, in table "gjwl..sys_area"
[DEBUG] [18:01:25.758] [JavaFX Application Thread] [] org.mybatis.generator.internal.db.DatabaseIntrospector.getColumns:563 --> Found column "parent_code", data type 12, in table "gjwl..sys_area"
[DEBUG] [18:01:25.759] [JavaFX Application Thread] [] org.mybatis.generator.internal.db.DatabaseIntrospector.getColumns:563 --> Found column "name", data type 12, in table "gjwl..sys_area"
[DEBUG] [18:01:25.759] [JavaFX Application Thread] [] org.mybatis.generator.internal.db.DatabaseIntrospector.getColumns:563 --> Found column "sort", data type 12, in table "gjwl..sys_area"
[DEBUG] [18:01:25.759] [JavaFX Application Thread] [] org.mybatis.generator.internal.db.DatabaseIntrospector.getColumns:563 --> Found column "del_flag", data type -6, in table "gjwl..sys_area"
[DEBUG] [18:01:25.760] [JavaFX Application Thread] [] org.mybatis.generator.internal.db.DatabaseIntrospector.getColumns:563 --> Found column "created_by", data type 4, in table "gjwl..sys_area"
[DEBUG] [18:01:25.760] [JavaFX Application Thread] [] org.mybatis.generator.internal.db.DatabaseIntrospector.getColumns:563 --> Found column "created_date", data type 93, in table "gjwl..sys_area"
[DEBUG] [18:01:25.760] [JavaFX Application Thread] [] org.mybatis.generator.internal.db.DatabaseIntrospector.getColumns:563 --> Found column "updated_by", data type 4, in table "gjwl..sys_area"
[DEBUG] [18:01:25.761] [JavaFX Application Thread] [] org.mybatis.generator.internal.db.DatabaseIntrospector.getColumns:563 --> Found column "updated_date", data type 93, in table "gjwl..sys_area"
